1588342432.930		392670	341503	4097	45586	1484	386522	35	400	0	404
1588342433.901		5888	401	933	4208	346	4007	35	400	0	404
1588342434.834		5532	1213	169	3970	180	4027	35	400	0	404
1588342435.728		5214	1182	135	3786	111	3846	35	400	0	404
1588342436.589		4665	1231	69	3276	89	3332	35	400	0	404
1588342437.419		6094	421	66	5254	353	5232	35	400	0	404
1588342438.224		5919	1306	409	4053	151	4118	35	400	0	404
1588342439.001		5866	1517	402	2939	1008	2996	35	400	0	404
1588342439.758		7252	579	75	6434	164	6500	35	400	0	404
1588342440.494		7360	2296	163	4743	158	4790	35	400	0	404
1588342441.209		7979	370	50	7401	158	7446	35	400	0	404
1588342441.908		4920	1555	135	3076	154	3222	35	400	0	404
1588342442.589		5433	988	186	3790	469	3832	35	400	0	404
1588342443.256		5957	370	147	5255	185	5310	35	400	0	404
1588342443.908		7580	410	66	6374	730	6314	35	400	0	404
1588342444.548		8360	532	109	7465	254	7513	35	400	0	404
1588342445.175		8252	453	141	7263	395	7327	35	400	0	404
1588342445.789		7906	1427	109	6289	81	6358	35	400	0	404
1588342446.391		6016	505	90	5309	112	5376	35	400	0	404
1588342446.986		6692	2569	479	2754	890	4295	35	400	0	404
1588342447.566		5792	1242	329	3755	466	3804	35	400	0	404
1588342448.138		6422	1773	411	3705	533	4349	35	400	0	404
1588342448.702		5498	1242	110	3982	164	4027	35	400	0	404
1588342449.256		8444	2511	233	5518	182	5592	35	400	0	404
1588342449.804		9259	311	53	8732	163	8767	35	400	0	404
1588342450.341		5474	422	68	4868	116	4920	35	400	0	404
1588342450.873		5536	912	186	4270	168	4300	35	400	0	404
1588342451.395		4712	1213	73	3331	95	3396	35	400	0	404
1588342451.913		6019	423	880	3531	1185	3467	35	400	0	404
1588342452.422		5567	410	64	4676	417	4614	35	400	0	404
1588342452.926		5272	796	159	4172	145	4094	35	400	0	404
1588342453.421		5230	883	67	4131	149	4191	35	400	0	404
1588342453.913		5915	424	52	5101	338	5159	35	400	0	404
1588342454.397		5108	1360	341	3242	165	3462	35	400	0	404
1588342454.877		6178	388	69	5612	109	5673	35	400	0	404
1588342455.351		27404	440	287	26190	487	26248	35	400	0	404
1588342455.820		6861	1550	109	5052	150	5101	35	400	0	404
1588342456.283		5830	767	575	4161	327	4214	35	400	0	404
1588342456.743		11901	1311	267	9931	392	10307	35	400	0	404
1588342457.196		7903	341	51	7318	193	7350	35	400	0	404
1588342457.647		5367	1151	261	3275	680	3361	35	400	0	404
1588342458.092		8749	495	78	8095	81	8177	35	400	0	404
1588342458.533		5283	822	66	4243	152	4312	35	400	0	404
1588342458.968		5359	1532	67	3614	146	3663	35	400	0	404
1588342459.400		4796	424	156	4065	151	4128	35	400	0	404
1588342459.830		7474	2562	261	4460	191	4528	35	400	0	404
1588342460.254		14224	1295	131	12379	419	12436	35	400	0	404
1588342460.674		6114	413	68	5480	153	4702	35	400	0	404
1588342461.091		7453	377	66	6163	847	6222	35	400	0	404
1588342461.505		5620	1194	316	3324	786	3540	35	400	0	404
1588342461.915		5688	1192	328	3645	523	3864	35	400	0	404
1588342462.321		5985	1621	851	3328	185	3756	35	400	0	404
1588342462.724		7696	495	1167	5673	361	5746	35	400	0	404
1588342463.125		5534	1122	118	4135	159	4216	35	400	0	404
1588342463.521		5773	456	889	3443	985	3519	35	400	0	404
1588342463.916		5344	677	68	4433	166	4491	35	400	0	404
1588342464.309		14631	9938	105	4445	143	4749	35	400	0	404
1588342464.693		10202	403	65	9650	84	9620	35	400	0	404
1588342465.078		5902	808	412	4509	173	4562	35	400	0	404
1588342465.460		7572	1818	89	5538	127	5592	35	400	0	404
1588342465.841		6995	302	52	6391	250	6422	35	400	0	404
1588342466.216		6929	1841	125	4817	146	4886	35	400	0	404
1588342466.591		7505	331	2110	4917	147	4956	35	400	0	404
1588342466.962		6363	385	1077	4750	151	4795	35	400	0	404
1588342467.332		7313	2238	1373	3261	441	3335	35	400	0	404
1588342467.698		5514	407	65	4891	151	4949	35	400	0	404
1588342468.062		5918	784	82	4696	356	4764	35	400	0	404
1588342468.422		4682	772	172	3540	198	3591	35	400	0	404
1588342468.781		8394	1802	2599	3494	499	3551	35	400	0	404
1588342469.150		7282	1906	115	5116	145	5166	35	400	0	404
1588342469.494		4327	784	100	3267	176	3308	35	400	0	404
1588342469.846		5353	1568	88	3440	257	3497	35	400	0	404
1588342470.196		6546	1404	1278	3420	444	3467	35	400	0	404
1588342470.544		6577	1371	1054	3847	305	3896	35	400	0	404
1588342470.891		7510	1976	115	5279	140	5357	35	400	0	404
1588342471.235		5532	414	926	3706	486	3319	35	400	0	404
1588342471.577		8273	2126	83	5612	452	6368	35	400	0	404
1588342471.916		5026	1049	472	2858	647	2916	35	400	0	404
1588342472.255		6657	475	122	4743	1317	4625	35	400	0	404
1588342472.590		4685	1058	607	2857	163	2924	35	400	0	404
1588342472.926		16480	1043	140	13221	2076	12038	35	400	0	404
1588342473.257		8844	525	616	7375	328	7314	35	400	0	404
1588342473.588		5456	1024	239	3738	455	3779	35	400	0	404
1588342473.917		6762	1245	122	4473	922	4497	35	400	0	404
1588342474.244		5362	1540	129	3534	159	3580	35	400	0	404
1588342474.569		6798	383	71	5945	399	6010	35	400	0	404
1588342474.892		8012	1395	634	5654	329	5752	35	400	0	404
1588342475.214		5263	1456	941	2564	302	2618	35	400	0	404
1588342475.534		13205	1750	870	8977	1608	9657	35	400	0	404
1588342475.854		9322	1045	137	7953	187	8009	35	400	0	404
1588342476.171		6638	838	424	4901	475	4850	35	400	0	404
1588342476.485		6831	1928	831	3646	426	3566	35	400	0	404
1588342476.800		51420	623	55	50578	164	50666	35	400	0	404
1588342477.113		9483	851	118	8231	283	8215	35	400	0	404
1588342477.423		9515	4671	815	3688	341	3735	35	400	0	404
1588342477.732		7782	344	55	7226	157	7273	35	400	0	404
1588342478.040		4458	336	114	3786	222	3831	35	400	0	404
1588342478.347		13859	1650	143	11870	196	12011	35	400	0	404
1588342478.652		9252	409	193	8318	332	8372	35	400	0	404
1588342478.955		6684	416	1045	4345	878	4401	35	400	0	404
1588342479.258		4846	806	68	3724	248	3687	35	400	0	404
1588342479.559		4224	914	160	3005	145	3089	35	400	0	404
1588342479.858		6875	435	78	6170	192	6122	35	400	0	404
1588342480.155		5468	440	1190	3690	148	3755	35	400	0	404
1588342480.453		5627	459	86	4597	485	4666	35	400	0	404
1588342480.749		5012	822	80	3794	316	3856	35	400	0	404
1588342481.043		5589	1654	100	3299	536	3374	35	400	0	404
1588342481.336		5065	448	71	4419	127	4142	35	400	0	404
1588342481.627		5227	1020	102	3865	240	3973	35	400	0	404
1588342481.917		5466	398	66	4454	548	4138	35	400	0	404
1588342482.208		7180	421	1153	5410	196	5420	35	400	0	404
1588342482.496		5249	466	445	3840	498	3903	35	400	0	404
1588342482.782		5660	1222	340	3414	684	3697	35	400	0	404
1588342483.068		4863	357	53	4293	160	4339	35	400	0	404
1588342483.352		7881	504	86	6170	1121	6099	35	400	0	404
1588342483.635		5915	1455	993	3130	337	3178	35	400	0	404
1588342483.918		8374	2192	1143	4693	346	4754	35	400	0	404
1588342484.236		13216	692	63	12312	149	12380	35	400	0	404
1588342484.479		5477	897	212	4215	153	4277	35	400	0	404
1588342484.758		6918	1791	128	4845	154	4902	35	400	0	404
1588342485.037		9281	448	266	7266	1301	7236	35	400	0	404
1588342485.313		8790	2559	1855	3949	427	4045	35	400	0	404
1588342485.588		5208	452	288	3907	561	3968	35	400	0	404
1588342485.864		8814	373	3569	4254	618	4307	35	400	0	404
1588342486.138		8383	2035	279	5599	470	7191	35	400	0	404
1588342486.409		7385	1643	125	5449	168	5517	35	400	0	404
1588342486.681		4952	702	55	3958	237	4005	35	400	0	404
1588342486.953		6909	460	1850	4432	167	4529	35	400	0	404
1588342487.221		6564	1954	185	4282	143	4464	35	400	0	404
1588342487.490		5322	411	63	4693	155	4760	35	400	0	404
1588342487.758		5016	421	77	4379	139	4444	35	400	0	404
1588342488.024		6702	1690	1298	3392	322	3450	35	400	0	404
1588342488.291		4847	415	64	4208	160	4269	35	400	0	404
1588342488.557		8725	2500	389	5674	162	5748	35	400	0	404
1588342488.820		4289	777	176	3197	139	3136	35	400	0	404
1588342489.083		6705	1710	102	4746	147	4795	35	400	0	404
1588342489.344		7575	2745	945	3543	342	3587	35	400	0	404
1588342489.607		6161	1734	121	4161	145	4272	35	400	0	404
1588342489.866		6604	1559	148	4750	147	4918	35	400	0	404
1588342490.127		4777	339	54	4222	162	4264	35	400	0	404
1588342490.384		6786	436	92	5314	944	5004	35	400	0	404
1588342490.642		5537	1159	105	4119	154	4166	35	400	0	404
1588342490.899		6577	1662	347	4205	363	4148	35	400	0	404
1588342491.155		6839	1074	123	5500	142	5727	35	400	0	404
1588342491.411		5183	1195	123	3718	147	3978	35	400	0	404
1588342491.665		4936	340	1084	2484	1028	2529	35	400	0	404
1588342491.918		5344	542	228	4263	311	4374	35	400	0	404
1588342492.172		8096	344	4249	3179	324	3222	35	400	0	404
1588342492.423		6410	1867	126	4267	150	4329	35	400	0	404
1588342492.674		8701	733	55	7756	157	7733	35	400	0	404
1588342492.926		6958	423	1854	4321	360	4379	35	400	0	404
1588342493.174		5995	1567	108	3930	390	3980	35	400	0	404
1588342493.423		6412	414	66	5592	340	5063	35	400	0	404
1588342493.671		6351	1555	117	4529	150	4576	35	400	0	404
1588342493.918		4726	901	183	3478	164	3535	35	400	0	404
1588342494.165		7947	1521	120	6152	154	6196	35	400	0	404
1588342494.412		5071	1225	230	3455	161	3543	35	400	0	404
1588342494.656		6445	1467	117	4696	165	4746	35	400	0	404
1588342494.901		6137	418	1074	4528	117	4591	35	400	0	404
1588342495.144		7387	346	109	6513	419	6557	35	400	0	404
1588342495.387		7808	406	1548	5443	411	5517	35	400	0	404
1588342495.629		7696	1889	711	4313	783	4431	35	400	0	404
1588342495.871		11428	1080	78	9842	428	9907	35	400	0	404
1588342496.111		6167	428	1178	3698	863	3763	35	400	0	404
1588342496.351		6156	453	1003	4522	178	4617	35	400	0	404
1588342496.592		5760	855	68	4756	81	4817	35	400	0	404
1588342496.829		4304	683	175	3288	158	3320	35	400	0	404
1588342497.067		4887	444	65	4109	269	4088	35	400	0	404
1588342497.306		5657	408	66	4253	930	3117	35	400	0	404
1588342497.541		5047	831	68	3999	149	4058	35	400	0	404
1588342497.778		5325	1158	237	3473	457	3370	35	400	0	404
1588342498.014		6141	371	66	5543	161	5610	35	400	0	404
1588342498.247		6946	346	209	5405	986	5450	35	400	0	404
1588342498.481		5513	975	373	3961	204	4013	35	400	0	404
1588342498.716		7832	1956	136	5579	161	5627	35	400	0	404
1588342498.949		5033	468	154	4132	279	4202	35	400	0	404
1588342499.180		6565	1509	1047	3646	363	3697	35	400	0	404
1588342499.412		5080	370	59	4383	268	4435	35	400	0	404
1588342499.643		4988	785	576	3464	163	3517	35	400	0	404
1588342499.874		7398	343	69	6656	330	6689	35	400	0	404
1588342500.103		8026	360	3654	3610	402	3624	35	400	0	404
1588342500.332		7528	858	80	6448	142	6623	35	400	0	404
1588342500.560		5900	1399	1133	3029	339	3075	35	400	0	404
1588342500.789		6169	1502	117	4404	146	4455	35	400	0	404
1588342501.016		7707	722	359	6285	341	6399	35	400	0	404
1588342501.242		5139	366	852	3660	261	3701	35	400	0	404
1588342501.469		6354	419	64	5335	536	5396	35	400	0	404
1588342501.695		5009	939	87	3882	101	4034	35	400	0	404
1588342501.920		8203	2408	150	5526	119	5626	35	400	0	404
1588342502.143		4877	407	63	4280	127	4348	35	400	0	404
1588342502.367		5301	350	113	4646	192	4691	35	400	0	404
1588342502.591		4931	419	67	4135	310	4195	35	400	0	404
1588342502.813		5759	346	2091	3175	147	3168	35	400	0	404
1588342503.037		8059	1778	187	5940	154	6196	35	400	0	404
1588342503.258		10147	3357	1296	5249	245	710	35	400	0	404
1588342503.478		6345	401	66	5523	355	5220	35	400	0	404
1588342503.699		5747	1309	69	4189	180	4245	35	400	0	404
1588342503.919		10403	348	199	9437	419	9460	35	400	0	404
1588342504.140		5486	485	86	4654	261	4664	35	400	0	404
1588342504.359		10380	3716	5994	196	474	2964	35	400	0	404
1588342504.576		11873	6832	114	4769	158	4817	35	400	0	404
1588342504.794		7071	510	1929	4409	223	4458	35	400	0	404
1588342505.011		4457	384	65	3854	154	3916	35	400	0	404
1588342505.228		4692	1301	127	3130	134	3189	35	400	0	404
1588342505.446		10015	5032	401	4431	151	4609	35	400	0	404
1588342505.662		4620	424	65	3929	202	3988	35	400	0	404
1588342505.877		5485	1308	201	3664	312	3789	35	400	0	404
1588342506.092		5221	1351	216	3448	206	3502	35	400	0	404
1588342506.306		4824	789	209	3485	341	3522	35	400	0	404
1588342506.520		5234	1130	220	3515	369	3579	35	400	0	404
1588342506.733		5830	398	108	4506	818	4557	35	400	0	404
1588342506.946		5302	1216	372	3197	517	3381	35	400	0	404
1588342507.158		5453	876	70	4419	88	4515	35	400	0	404
1588342507.371		6759	737	223	5397	402	5443	35	400	0	404
1588342507.583		5011	1442	143	3326	100	3483	35	400	0	404
1588342507.794		6597	466	70	5898	163	5973	35	400	0	404
1588342508.003		5940	677	99	5071	93	5151	35	400	0	404
1588342508.215		5464	1185	268	3352	659	3570	35	400	0	404
1588342508.424		4405	896	236	2924	349	2970	35	400	0	404
1588342508.632		5319	434	68	4631	186	4699	35	400	0	404
1588342508.842		5575	352	57	4522	644	4526	35	400	0	404
1588342509.049		5841	1728	127	3857	129	3937	35	400	0	404
1588342509.258		5506	410	65	4723	308	4785	35	400	0	404
1588342509.465		5169	1273	102	3347	447	3396	35	400	0	404
1588342509.673		4903	404	213	4140	146	3907	35	400	0	404
1588342509.878		8528	705	91	7554	178	7762	35	400	0	404
1588342510.084		5994	1400	160	4251	183	4331	35	400	0	404
1588342510.290		6381	811	1021	4374	175	4428	35	400	0	404
1588342510.496		14079	537	119	13088	335	13143	35	400	0	404
1588342510.700		6186	388	60	5323	415	5370	35	400	0	404
1588342510.905		5506	1444	105	3690	267	3662	35	400	0	404
1588342511.108		4558	711	158	3542	147	3589	35	400	0	404
1588342511.311		6142	343	54	5475	270	5469	35	400	0	404
1588342511.516		6500	532	1925	3704	339	3747	35	400	0	404
1588342511.717		4245	344	116	3638	147	3684	35	400	0	404
1588342511.920		6100	343	106	5390	261	5434	35	400	0	404
1588342512.121		7546	436	2328	4441	341	4512	35	400	0	404
1588342512.323		6644	436	64	5893	251	5793	35	400	0	404
1588342512.525		15324	8116	152	6894	162	6976	35	400	0	404
1588342512.724		5783	1127	301	4194	161	4358	35	400	0	404
1588342512.926		4415	406	119	3653	237	3699	35	400	0	404
1588342513.125		5313	975	123	3989	226	4130	35	400	0	404
1588342513.325		5202	866	213	3944	179	4002	35	400	0	404
1588342513.527		7350	405	54	6733	158	6804	35	400	0	404
1588342513.722		8853	1282	123	6900	548	7265	35	400	0	404
1588342513.920		5395	479	70	4093	753	4005	35	400	0	404
1588342514.118		10030	833	66	8804	327	8857	35	400	0	404
1588342514.316		6110	1298	81	4568	163	4432	35	400	0	404
1588342514.513		6917	342	109	6245	221	6289	35	400	0	404
1588342514.709		7742	2450	312	4894	86	5001	35	400	0	404
1588342514.906		5891	1194	439	3729	529	4172	35	400	0	404
1588342515.172		6966	437	149	5623	757	5682	35	400	0	404
1588342515.296		6978	794	87	5731	366	5762	35	400	0	404
1588342515.492		8146	355	121	7389	281	7435	35	400	0	404
1588342515.687		5065	879	199	3708	279	3770	35	400	0	404
1588342515.882		5413	338	1630	3105	340	3150	35	400	0	404
1588342516.075		7290	1416	108	5362	404	5390	35	400	0	404
1588342516.270		6304	1495	874	3638	297	3716	35	400	0	404
1588342516.462		5554	1280	751	3238	285	3286	35	400	0	404
1588342516.655		6724	1470	937	3981	336	4035	35	400	0	404
1588342516.848		4457	396	63	3841	157	3863	35	400	0	404
1588342517.041		4793	359	54	4162	218	4211	35	400	0	404
1588342517.233		4556	404	65	3924	163	3983	35	400	0	404
1588342517.423		5738	1353	798	3283	304	3331	35	400	0	404
1588342517.615		6048	1355	1033	3351	309	3399	35	400	0	404
1588342517.806		7096	1551	920	4289	336	4312	35	400	0	404
1588342517.996		6126	1283	741	3774	328	3821	35	400	0	404
1588342518.186		6492	1535	894	3753	310	3812	35	400	0	404
1588342518.376		7250	2734	4120	109	287	167	35	400	0	404
1588342518.565		6411	1282	762	3872	495	3906	35	400	0	404
1588342518.755		4693	442	70	3790	391	3849	35	400	0	404
1588342518.944		6255	473	65	5210	507	5271	35	400	0	404
1588342519.132		9479	2325	2718	4142	294	4205	35	400	0	404
1588342519.321		7161	2426	866	3549	320	3603	35	400	0	404
1588342519.509		7593	1762	1310	4224	297	4269	35	400	0	404
1588342519.695		5571	1690	932	2785	164	2844	35	400	0	404
1588342519.882		9467	873	69	8298	227	8369	35	400	0	404
1588342520.070		6945	1325	735	4583	302	4631	35	400	0	404
1588342520.257		6518	1495	913	3795	315	3861	35	400	0	404
1588342520.443		8054	1350	1118	5233	353	5292	35	400	0	404
1588342520.628		6546	1639	1128	3282	497	3339	35	400	0	404
1588342520.813		6635	1519	911	3893	312	3953	35	400	0	404
1588342520.999		4963	359	57	4405	142	4464	35	400	0	404
1588342521.184		6210	422	65	5573	150	5636	35	400	0	404
1588342521.369		7600	3075	4114	117	294	189	35	400	0	404
1588342521.553		10248	1322	754	7847	325	7943	35	400	0	404
1588342521.737		5278	1651	1289	2169	169	2223	35	400	0	404
1588342521.921		5762	313	54	5180	215	5222	35	400	0	404
1588342522.103		4171	338	52	3656	125	3700	35	400	0	404
1588342522.287		6006	1431	864	3416	295	3465	35	400	0	404
1588342522.470		6523	1474	863	3883	303	3934	35	400	0	404
1588342522.651		6408	1768	884	3432	324	3487	35	400	0	404
1588342522.835		7350	1471	1432	4149	298	4094	35	400	0	404
1588342523.016		11909	1436	822	9292	359	9327	35	400	0	404
1588342523.197		5743	409	64	5052	218	5077	35	400	0	404
1588342523.379		9981	334	52	9408	187	9453	35	400	0	404
1588342523.559		6176	1548	1318	2983	327	3027	35	400	0	404
1588342523.740		5684	1467	1048	2857	312	2921	35	400	0	404
1588342523.920		6454	1548	920	3680	306	3743	35	400	0	404
1588342524.101		5897	1360	765	3466	306	3512	35	400	0	404
1588342524.280		5543	1436	1111	2718	278	2771	35	400	0	404
1588342524.459		5791	1461	1307	2719	304	2780	35	400	0	404
1588342524.641		6401	586	185	5426	204	5487	35	400	0	404
1588342524.817		5177	459	73	4498	147	4498	35	400	0	404
1588342524.997		4691	469	69	3977	176	4053	35	400	0	404
1588342525.174		6200	1449	1225	3216	310	3269	35	400	0	404
1588342525.353		8961	407	70	8312	172	8375	35	400	0	404
1588342525.531		4487	343	52	3925	167	3979	35	400	0	404
1588342525.707		4622	377	68	4001	176	4058	35	400	0	404
1588342525.886		7366	496	143	6568	159	6627	35	400	0	404
1588342526.062		5606	1345	776	3190	295	3240	35	400	0	404
1588342526.238		6522	1746	1193	3262	321	3324	35	400	0	404
1588342526.416		7509	1209	940	5055	305	5104	35	400	0	404
1588342526.591		5968	1430	980	3120	438	3166	35	400	0	404
1588342526.766		6004	1412	868	3407	317	3467	35	400	0	404
1588342526.943		7393	1506	1111	4443	333	4493	35	400	0	404
1588342527.118		5351	1488	944	2622	297	2669	35	400	0	404
1588342527.293		4232	495	66	3506	165	3560	35	400	0	404
1588342527.468		6729	1791	932	3552	454	3528	35	400	0	404
1588342527.647		8006	913	86	6640	367	6708	35	400	0	404
1588342527.816		5215	1291	948	2699	277	2755	35	400	0	404
1588342527.991		5313	1343	947	2597	426	2649	35	400	0	404
1588342528.166		9240	2309	1379	5134	418	5196	35	400	0	404
1588342528.338		5131	415	215	4234	267	4106	35	400	0	404
1588342528.510		4626	414	413	3597	202	3587	35	400	0	404
1588342528.684		4500	422	68	3870	140	3939	35	400	0	404
1588342528.856		5735	1341	894	3061	439	3110	35	400	0	404
1588342529.028		5349	398	66	4625	260	4526	35	400	0	404
1588342529.201		5348	408	94	4622	224	4671	35	400	0	404
1588342529.373		6186	1650	980	3190	366	3236	35	400	0	404
1588342529.544		6518	1683	776	3774	285	3841	35	400	0	404
1588342529.715		6628	2008	1069	3295	256	3377	35	400	0	404
1588342529.887		5897	590	102	4689	516	3849	35	400	0	404
1588342530.057		6493	498	80	5715	200	5781	35	400	0	404
1588342530.228		16927	340	97	16216	274	16237	35	400	0	404
1588342530.398		10856	4910	1159	4117	670	7655	35	400	0	404
1588342530.568		5029	427	854	3595	153	2500	35	400	0	404
1588342530.739		7926	404	381	7046	95	7055	35	400	0	404
1588342530.908		5518	427	64	4924	103	4984	35	400	0	404
1588342531.077		5359	380	55	4746	178	4788	35	400	0	404
1588342531.249		13167	2833	143	6685	3506	6711	35	400	0	404
1588342531.416		4805	421	66	4185	133	4232	35	400	0	404
1588342531.584		5819	544	57	5122	96	5169	35	400	0	404
1588342531.753		5505	366	58	4307	774	4357	35	400	0	404
1588342531.921		5606	448	69	4857	232	4130	35	400	0	404
1588342532.089		4595	340	53	4046	156	4092	35	400	0	404
1588342532.257		4966	426	64	4147	329	4207	35	400	0	404
1588342532.424		5803	1212	319	3944	328	3994	35	400	0	404
1588342532.592		4817	348	53	4258	158	4316	35	400	0	404
1588342532.759		6271	1385	326	4240	320	4247	35	400	0	404
1588342532.926		5565	438	69	4148	910	4211	35	400	0	404
1588342533.091		13864	1310	268	11971	315	12017	35	400	0	404
1588342533.258		4091	397	54	3484	156	3531	35	400	0	404
1588342533.424		6102	499	47	5394	162	5434	35	400	0	404
1588342533.590		4412	334	53	3784	241	3833	35	400	0	404
1588342533.756		4025	328	52	3509	136	3551	35	400	0	404
1588342533.920		3952	356	53	3406	137	3459	35	400	0	404
1588342534.086		7174	1351	1105	4425	293	4465	35	400	0	404
1588342534.251		7944	307	52	7480	105	7523	35	400	0	404
1588342534.415		14006	6628	85	7130	163	7191	35	400	0	404
1588342534.581		7138	1705	1293	3811	329	3852	35	400	0	404
1588342534.754		6684	554	62	5925	143	5950	35	400	0	404
1588342534.909		5518	456	941	3075	1046	3137	35	400	0	404
1588342535.072		7963	809	76	6142	936	6189	35	400	0	404
1588342535.237		17243	1126	197	14410	1510	12820	35	400	0	404
1588342535.399		5677	405	64	5032	176	5098	35	400	0	404
1588342535.563		7281	420	263	6447	151	6506	35	400	0	404
1588342535.725		6102	1742	114	4077	169	5345	35	400	0	404
1588342535.888		4847	441	69	4090	247	4152	35	400	0	404
1588342536.051		7405	957	124	5613	711	5672	35	400	0	404
1588342536.213		4357	357	112	3672	216	3712	35	400	0	404
1588342536.375		5713	1025	125	4421	142	4434	35	400	0	404
1588342536.538		4700	523	80	3807	290	3851	35	400	0	404
1588342536.698		8375	2092	152	5987	144	6057	35	400	0	404
1588342536.860		6768	509	3430	2487	342	2553	35	400	0	404
1588342537.025		5888	1642	127	3970	149	3874	35	400	0	404
1588342537.182		5266	360	54	4686	166	4754	35	400	0	404
1588342537.345		8039	746	125	5900	1268	6012	35	400	0	404
1588342537.505		4708	1157	323	2803	425	2897	35	400	0	404
1588342537.664		9141	345	53	8562	181	8608	35	400	0	404
1588342537.824		5427	568	71	4633	155	4692	35	400	0	404
1588342537.984		5194	1229	313	2724	928	3037	35	400	0	404
1588342538.144		5745	511	128	4789	317	4843	35	400	0	404
1588342538.305		5849	787	1066	3240	756	3296	35	400	0	404
1588342538.464		5055	988	57	3902	108	4034	35	400	0	404
1588342538.623		4608	1246	105	3113	144	3164	35	400	0	404
1588342538.783		6366	349	53	5823	141	5866	35	400	0	404
1588342538.941		4840	1195	338	2883	424	2960	35	400	0	404
1588342539.100		4944	412	77	4285	170	4345	35	400	0	404
1588342539.257		5355	935	270	3159	991	3325	35	400	0	404
1588342539.417		5137	1088	386	2764	899	2954	35	400	0	404
1588342539.575		7061	1233	318	2980	2530	3295	35	400	0	404
1588342539.731		4417	1212	255	2566	384	2737	35	400	0	404
1588342539.892		12562	1790	101	10578	93	10720	35	400	0	404
1588342540.048		4897	461	56	3826	554	3874	35	400	0	404
1588342540.205		4799	1035	352	2830	582	2762	35	400	0	404
1588342540.362		13383	892	502	11484	505	11364	35	400	0	404
1588342540.518		6163	1154	388	3365	1256	3653	35	400	0	404
1588342540.676		9425	1445	1842	5780	358	5813	35	400	0	404
1588342540.843		10889	1734	1204	7371	580	7415	35	400	0	404
1588342540.988		5128	1501	1054	2405	168	2462	35	400	0	404
1588342541.144		6125	2349	214	3262	300	3317	35	400	0	404
1588342541.300		6167	595	308	5092	172	5162	35	400	0	404
1588342541.455		6182	416	432	5186	148	5241	35	400	0	404
1588342541.611		5524	998	64	4300	162	4355	35	400	0	404
1588342541.772		8524	2332	444	4594	1154	4649	35	400	0	404
1588342541.921		8839	1010	218	7227	384	7246	35	400	0	404
1588342542.076		5823	1617	1161	2746	299	2804	35	400	0	404
1588342542.231		6069	1313	1132	3313	311	3361	35	400	0	404
1588342542.385		7822	1915	1749	3843	315	3887	35	400	0	404
1588342542.540		7039	1879	4703	120	337	181	35	400	0	404
1588342542.694		7261	2313	1617	2795	536	2882	35	400	0	404
1588342542.848		22250	585	110	21317	238	21515	35	400	0	404
1588342543.002		5083	413	65	4378	227	4434	35	400	0	404
1588342543.155		6073	1629	1458	2628	358	2686	35	400	0	404
1588342543.310		5893	471	83	5101	238	5182	35	400	0	404
1588342543.462		4686	433	65	4016	172	4077	35	400	0	404
1588342543.616		6244	425	65	5441	313	5505	35	400	0	404
1588342543.769		16644	1746	1407	12776	715	12594	35	400	0	404
1588342543.921		4680	493	64	3939	184	4026	35	400	0	404
1588342544.073		6125	1704	1092	3021	308	3084	35	400	0	404
1588342544.227		6071	1351	936	3457	327	3499	35	400	0	404
1588342544.379		9222	1401	1638	5870	313	5918	35	400	0	404
1588342544.530		5950	1433	972	3232	313	3276	35	400	0	404
1588342544.682		5825	1346	4066	110	303	160	35	400	0	404
1588342544.835		7841	1866	1663	3735	577	3782	35	400	0	404
1588342544.985		6718	1513	4720	116	369	166	35	400	0	404
1588342545.137		6643	870	87	5488	198	5996	35	400	0	404
1588342545.289		9636	1807	324	6078	1427	6281	35	400	0	404
1588342545.439		18117	336	61	17642	78	17685	35	400	0	404
1588342545.589		5006	1061	513	2966	466	3025	35	400	0	404
1588342545.741		24703	2150	2193	19609	751	2929	35	400	0	404
1588342545.891		4648	434	70	4051	93	4157	35	400	0	404
1588342546.041		6323	478	64	5697	84	5759	35	400	0	404
1588342546.192		5408	402	68	4412	526	4449	35	400	0	404
1588342546.341		4198	981	117	2962	138	2888	35	400	0	404
1588342546.491		6349	1496	142	4555	156	4600	35	400	0	404
1588342546.641		5632	429	66	4555	582	4617	35	400	0	404
1588342546.791		4335	964	102	3135	134	3329	35	400	0	404
1588342546.939		4630	1161	73	3307	89	3306	35	400	0	404
1588342547.089		4945	412	68	4320	145	4346	35	400	0	404
1588342547.239		4942	1126	130	3539	147	3773	35	400	0	404
1588342547.387		10455	385	146	9572	352	9347	35	400	0	404
1588342547.536		6733	455	66	6020	192	6119	35	400	0	404
1588342547.685		5241	867	164	4073	137	4120	35	400	0	404
1588342547.832		4662	344	101	3954	263	4002	35	400	0	404
1588342547.980		5555	948	331	3968	308	3922	35	400	0	404
1588342548.128		6662	371	64	6052	175	6113	35	400	0	404
1588342548.276		6687	2469	221	3736	261	5329	35	400	0	404
1588342548.424		6102	917	69	4863	253	4931	35	400	0	404
1588342548.571		5397	529	93	4622	153	4706	35	400	0	404
1588342548.718		4871	406	75	4091	299	4080	35	400	0	404
1588342548.867		22804	482	3422	5692	13208	5729	35	400	0	404
1588342549.014		4942	935	145	3693	169	3759	35	400	0	404
1588342549.164		6900	1409	104	5245	142	5292	35	400	0	404
1588342549.306		6551	781	125	5280	365	3654	35	400	0	404
1588342549.453		5454	985	78	4240	151	4310	35	400	0	404
1588342549.599		5504	459	1107	3761	177	3831	35	400	0	404
1588342549.746		5175	425	228	4318	204	4389	35	400	0	404
1588342549.893		7176	454	645	5558	519	5644	35	400	0	404
1588342550.038		6570	1867	200	3851	652	3907	35	400	0	404
1588342550.183		5586	988	145	3970	483	3800	35	400	0	404
1588342550.329		5274	1316	138	3528	292	3359	35	400	0	404
1588342550.475		7668	1549	125	5594	400	6184	35	400	0	404
1588342550.621		8339	829	67	7287	156	7344	35	400	0	404
1588342550.766		4905	949	263	2630	1063	2788	35	400	0	404
1588342550.916		6816	412	40	6189	175	6232	35	400	0	404
1588342551.055		7728	1086	253	6090	299	6287	35	400	0	404
1588342551.201		6390	1577	936	3568	309	3626	35	400	0	404
1588342551.344		4274	339	55	3712	168	3753	35	400	0	404
1588342551.489		7653	583	669	6167	234	6232	35	400	0	404
1588342551.634		4261	417	64	3613	167	3671	35	400	0	404
1588342551.778		4329	419	65	3686	159	3740	35	400	0	404
1588342551.921		5650	410	52	5031	157	5053	35	400	0	404
1588342552.065		4621	488	67	3904	162	4023	35	400	0	404
1588342552.209		6279	426	67	5565	221	5623	35	400	0	404
1588342552.352		4271	347	53	3717	154	3772	35	400	0	404
1588342552.496		5986	868	89	4833	196	5031	35	400	0	404
1588342552.638		4151	479	72	3452	148	3555	35	400	0	404
1588342552.782		4289	418	65	3626	180	3686	35	400	0	404
1588342552.927		8160	2170	4842	205	943	460	35	400	0	404
1588342553.067		6082	1745	1308	2719	310	2777	35	400	0	404
1588342553.211		6631	1666	1249	3407	309	3464	35	400	0	404
1588342553.352		7356	1924	1403	3587	442	3890	35	400	0	404
1588342553.495		6034	1433	1162	3114	325	3153	35	400	0	404
1588342553.638		6727	1800	220	4551	156	4510	35	400	0	404
1588342553.780		7321	524	185	6437	175	6515	35	400	0	404
1588342553.921		28345	356	111	27264	614	27306	35	400	0	404
1588342554.063		5371	1092	338	3729	212	3792	35	400	0	404
1588342554.205		5099	422	85	4448	144	4490	35	400	0	404
1588342554.346		4806	357	56	3864	529	3086	35	400	0	404
1588342554.487		6140	377	121	5416	226	5480	35	400	0	404
1588342554.628		5308	413	1166	3002	727	3016	35	400	0	404
1588342554.770		5588	507	948	3672	461	3752	35	400	0	404
1588342554.911		4834	336	53	4103	342	4146	35	400	0	404
1588342555.052		5977	390	68	4946	573	4395	35	400	0	404
1588342555.192		4938	1131	122	3543	142	3743	35	400	0	404
1588342555.332		24704	2829	178	4483	17214	4584	35	400	0	404
1588342555.473		5781	300	49	5150	282	5203	35	400	0	404
1588342555.614		4834	737	676	2468	953	2529	35	400	0	404
1588342555.754		7239	1243	101	5806	89	5854	35	400	0	404
1588342555.894		7506	761	152	6297	296	6368	35	400	0	404
1588342556.033		5460	1419	101	3790	150	3843	35	400	0	404
1588342556.173		5018	1380	101	3391	146	3435	35	400	0	404
1588342556.312		6408	1217	100	4840	251	4875	35	400	0	404
1588342556.452		4916	342	801	3266	507	3309	35	400	0	404
1588342556.592		4914	392	113	4327	82	4387	35	400	0	404
1588342556.731		8533	412	1711	6065	345	6126	35	400	0	404
1588342556.869		7198	1515	123	5331	229	5384	35	400	0	404
1588342557.014		11798	4089	164	6355	1190	6225	35	400	0	404
1588342557.147		9915	403	2089	6871	552	6927	35	400	0	404
1588342557.286		6090	1532	133	4274	151	4341	35	400	0	404
1588342557.424		6918	344	1473	4605	496	4642	35	400	0	404
1588342557.562		6150	312	63	5584	191	5631	35	400	0	404
1588342557.701		6045	505	1834	3542	164	3618	35	400	0	404
1588342557.838		5490	422	174	4744	150	4804	35	400	0	404
1588342557.977		3997	896	111	2837	153	2957	35	400	0	404
1588342558.114		10647	4751	866	4717	313	5322	35	400	0	404
1588342558.253		4863	1624	130	2832	277	2879	35	400	0	404
1588342558.389		5991	868	245	4581	297	4745	35	400	0	404
1588342558.529		7011	367	87	6259	298	6314	35	400	0	404
1588342558.664		5097	430	1034	2846	787	2910	35	400	0	404
1588342558.802		5665	472	89	4954	150	5033	35	400	0	404
1588342558.938		4918	673	881	2588	776	2634	35	400	0	404
1588342559.075		4844	955	380	3357	152	3407	35	400	0	404
1588342559.212		7027	405	2845	3208	569	3265	35	400	0	404
1588342559.350		6049	1633	191	4076	149	4132	35	400	0	404
1588342559.485		5030	351	206	4321	152	3182	35	400	0	404
1588342559.621		7098	439	1802	4272	585	4302	35	400	0	404
1588342559.759		5746	1324	55	3833	534	3892	35	400	0	404
1588342559.895		6951	422	2103	4039	387	4099	35	400	0	404
1588342560.030		8226	1485	133	6428	180	6475	35	400	0	404
1588342560.166		5165	346	216	4284	319	4173	35	400	0	404
1588342560.303		8935	2007	130	6594	204	6650	35	400	0	404
1588342560.445		9740	978	80	8266	416	8331	35	400	0	404
1588342560.573		22417	3980	3716	14380	341	14408	35	400	0	404
1588342560.708		6292	1768	1053	3124	347	3185	35	400	0	404
1588342560.843		6167	1722	127	4168	150	4228	35	400	0	404
1588342560.979		7055	443	1415	4855	342	4902	35	400	0	404
1588342561.114		8965	1538	137	7126	164	7174	35	400	0	404
1588342561.249		11301	1844	1090	8008	359	8071	35	400	0	404
1588342561.384		6456	1476	118	4688	174	4736	35	400	0	404
1588342561.520		12323	713	112	11331	167	11391	35	400	0	404
1588342561.652		4512	1126	179	3113	94	3177	35	400	0	404
1588342561.788		4983	496	599	3479	409	3164	35	400	0	404
1588342561.921		4127	937	109	2945	136	2991	35	400	0	404
1588342562.058		12324	3687	267	8275	95	8520	35	400	0	404
1588342562.189		5048	812	364	3706	166	3770	35	400	0	404
1588342562.323		5611	543	197	4617	254	4744	35	400	0	404
1588342562.457		4209	756	58	3238	157	3290	35	400	0	404
1588342562.591		5257	372	157	4395	333	4440	35	400	0	404
1588342562.725		5421	1163	206	3699	353	3893	35	400	0	404
1588342562.859		4797	579	65	3811	342	3873	35	400	0	404
1588342562.992		4265	1090	174	2748	253	2802	35	400	0	404
1588342563.125		4811	1026	262	3292	231	3359	35	400	0	404
1588342563.257		8093	402	65	7432	194	5761	35	400	0	404
1588342563.390		5163	1191	324	2775	873	3096	35	400	0	404
1588342563.523		4510	1098	288	2859	265	3159	35	400	0	404
1588342563.656		4358	406	52	3758	142	3831	35	400	0	404
1588342563.789		5689	451	69	4375	794	4498	35	400	0	404
1588342563.921		5981	357	55	5403	166	5454	35	400	0	404
1588342564.055		7416	3257	120	3638	401	3684	35	400	0	404
1588342564.187		5318	370	65	4792	91	4850	35	400	0	404
1588342564.318		5834	1672	122	3824	216	3893	35	400	0	404
1588342564.451		5062	344	109	4311	298	4363	35	400	0	404
1588342564.582		5161	1637	106	3264	154	3316	35	400	0	404
1588342564.715		5279	425	68	4551	235	4553	35	400	0	404
1588342564.846		5726	451	78	4999	198	5081	35	400	0	404
1588342564.977		4773	472	71	4060	170	4127	35	400	0	404
1588342565.109		5104	488	93	4323	200	4397	35	400	0	404
1588342565.241		10536	5882	1132	3179	343	3250	35	400	0	404
1588342565.372		9394	1399	948	6469	578	6510	35	400	0	404
1588342565.503		4180	753	172	3095	160	3153	35	400	0	404
1588342565.634		4150	450	159	3264	277	3336	35	400	0	404
1588342565.764		4806	425	68	3871	442	3538	35	400	0	404
1588342565.895		4797	431	77	4110	179	4169	35	400	0	404
1588342566.026		5355	1360	61	3790	144	3849	35	400	0	404
1588342566.157		6662	782	2002	3682	196	3626	35	400	0	404
1588342566.288		5354	417	1093	2675	1169	2732	35	400	0	404
1588342566.418		5428	896	69	4286	177	4339	35	400	0	404
1588342566.547		4193	343	54	3586	210	3628	35	400	0	404
1588342566.679		5690	874	183	4408	225	4456	35	400	0	404
1588342566.808		5743	1467	104	4016	156	4064	35	400	0	404
1588342566.937		5441	643	1541	2919	338	3082	35	400	0	404
1588342567.067		5784	408	169	4874	333	4919	35	400	0	404
1588342567.197		6031	1752	253	3882	144	3924	35	400	0	404
1588342567.327		5963	493	2204	2919	347	2971	35	400	0	404
1588342567.457		6154	1424	100	4477	153	4521	35	400	0	404
1588342567.587		4483	934	196	3214	139	3257	35	400	0	404
1588342567.716		5058	721	73	3898	366	3903	35	400	0	404
1588342567.845		6263	454	112	5505	192	5567	35	400	0	404
1588342567.973		4665	419	66	4028	152	4096	35	400	0	404
1588342568.103		4066	360	53	3515	138	3568	35	400	0	404
1588342568.231		5008	1518	990	2350	150	2340	35	400	0	404
1588342568.359		5196	1129	107	3797	163	3849	35	400	0	404
1588342568.489		5796	430	69	4950	347	4950	35	400	0	404
1588342568.617		5694	1327	50	4159	158	4212	35	400	0	404
1588342568.745		5152	912	228	3761	251	3847	35	400	0	404
1588342568.874		5925	415	66	4685	759	4388	35	400	0	404
1588342569.001		5578	1277	123	3853	325	4243	35	400	0	404
1588342569.130		5152	1301	108	3573	170	3624	35	400	0	404
1588342569.257		4995	639	129	3940	287	4037	35	400	0	404
1588342569.385		4750	1010	141	3258	341	3332	35	400	0	404
1588342569.513		4663	1162	168	3241	92	3312	35	400	0	404
1588342569.642		11810	703	114	10428	565	10496	35	400	0	404
1588342569.768		5662	812	70	3943	837	3997	35	400	0	404
1588342569.896		5480	401	70	4545	464	4531	35	400	0	404
1588342570.023		6878	1261	92	5156	369	5245	35	400	0	404
1588342570.151		13144	1519	2252	8867	506	8829	35	400	0	404
1588342570.279		8917	1247	84	7163	423	7220	35	400	0	404
1588342570.406		5652	523	894	3892	343	3956	35	400	0	404
1588342570.533		9648	405	1378	3273	4592	3326	35	400	0	404
1588342570.660		4189	740	144	3101	204	3139	35	400	0	404
1588342570.785		6012	874	1126	3778	234	3862	35	400	0	404
1588342570.912		4907	940	188	3581	198	3632	35	400	0	404
1588342571.038		6166	1399	209	4410	148	4664	35	400	0	404
1588342571.165		5003	698	256	3811	238	3907	35	400	0	404
1588342571.291		5679	787	56	4601	235	4660	35	400	0	404
1588342571.418		5404	1804	306	2854	440	2843	35	400	0	404
1588342571.548		6355	1673	228	4359	95	5210	35	400	0	404
1588342571.670		5653	1234	63	4260	96	4302	35	400	0	404
1588342571.796		5012	1211	75	3639	87	3770	35	400	0	404
1588342571.921		6034	1085	581	4268	100	4926	35	400	0	404
1588342572.048		8118	337	69	7570	142	7638	35	400	0	404
1588342572.173		11466	2474	244	8592	156	8903	35	400	0	404
1588342572.299		7054	462	235	6214	143	6287	35	400	0	404
1588342572.425		6041	1541	1113	3080	307	3121	35	400	0	404
1588342572.549		12484	357	62	11950	115	12011	35	400	0	404
1588342572.675		14316	3241	6250	4679	146	5333	35	400	0	404
1588342572.799		5410	986	68	4253	103	4319	35	400	0	404
1588342572.925		4929	448	66	4246	169	4316	35	400	0	404
1588342573.050		5346	813	104	4191	238	4269	35	400	0	404
1588342573.178		7671	1659	587	5256	169	5299	35	400	0	404
1588342573.300		3999	806	202	2834	157	2915	35	400	0	404
1588342573.424		5067	410	75	4308	274	4316	35	400	0	404
1588342573.549		7025	413	1906	3765	941	3774	35	400	0	404
1588342573.674		20225	2302	134	17603	186	17704	35	400	0	404
1588342573.798		6003	434	1872	3349	348	3412	35	400	0	404
1588342573.922		5653	1482	1532	2487	152	2549	35	400	0	404
1588342574.046		4979	966	189	3605	219	3669	35	400	0	404
1588342574.174		7936	923	101	6521	391	6569	35	400	0	404
1588342574.295		5950	1658	127	3984	181	3958	35	400	0	404
1588342574.419		5242	463	393	4072	314	4113	35	400	0	404
1588342574.541		9883	516	199	8827	341	8932	35	400	0	404
1588342574.665		6762	1357	112	4998	295	5043	35	400	0	404
1588342574.789		6076	397	66	4824	789	3724	35	400	0	404
1588342574.913		6182	445	80	5498	159	5567	35	400	0	404
1588342575.036		7429	1463	429	5360	177	6245	35	400	0	404
1588342575.160		6609	2525	141	3785	158	3848	35	400	0	404
1588342575.287		13176	3340	143	9196	497	9060	35	400	0	404
1588342575.405		6386	808	516	4926	136	4999	35	400	0	404
1588342575.528		6224	436	422	5040	326	5097	35	400	0	404
1588342575.651		7303	369	241	6416	277	6351	35	400	0	404
1588342575.774		10666	1027	237	9069	333	9128	35	400	0	404
1588342575.898		6447	488	1881	3834	244	3899	35	400	0	404
1588342576.021		5417	967	68	3830	552	3886	35	400	0	404
1588342576.143		4551	1022	275	2729	525	2755	35	400	0	404
1588342576.267		7536	1415	196	5807	118	6377	35	400	0	404
1588342576.387		5955	583	96	5118	158	5168	35	400	0	404
1588342576.509		5129	1295	277	3040	517	3193	35	400	0	404
1588342576.633		14059	9253	1246	3177	383	12078	35	400	0	404
1588342576.755		4760	1180	84	3334	162	3397	35	400	0	404
1588342576.876		5710	448	103	5012	147	5097	35	400	0	404
1588342576.999		5986	401	260	4972	353	5034	35	400	0	404
1588342577.121		13444	1296	103	11870	175	11917	35	400	0	404
1588342577.241		7325	1519	70	5450	286	6061	35	400	0	404
1588342577.364		9166	548	73	8271	274	8330	35	400	0	404
1588342577.485		5620	1286	50	4142	142	4197	35	400	0	404
1588342577.606		3825	939	101	2642	143	2765	35	400	0	404
1588342577.728		6292	329	52	5510	401	5443	35	400	0	404
1588342577.849		4334	830	104	3237	163	3357	35	400	0	404
1588342577.970		5552	1354	103	3946	149	3990	35	400	0	404
1588342578.091		7794	487	1980	4651	676	4686	35	400	0	404
1588342578.212		5702	495	2005	2874	328	2919	35	400	0	404
1588342578.334		5855	1377	104	4226	148	4272	35	400	0	404
1588342578.454		6134	482	1805	3516	331	3564	35	400	0	404
1588342578.576		9685	708	55	8811	111	8862	35	400	0	404
1588342578.695		8624	1162	83	7226	153	7236	35	400	0	404
1588342578.816		5850	424	79	5077	270	5075	35	400	0	404
1588342578.938		5605	425	66	4972	142	4910	35	400	0	404
1588342579.058		6056	1289	121	4218	428	4553	35	400	0	404
1588342579.177		12725	339	53	12167	166	12210	35	400	0	404
1588342579.298		9604	1043	478	7674	409	7725	35	400	0	404
1588342579.419		5726	748	88	4635	255	4699	35	400	0	404
1588342579.539		5444	422	492	4365	165	4425	35	400	0	404
1588342579.658		8574	2448	5582	110	434	199	35	400	0	404
1588342579.779		6125	424	64	5494	143	5572	35	400	0	404
1588342579.899		5770	1402	162	4097	109	4300	35	400	0	404
1588342580.018		4968	409	55	4414	90	4473	35	400	0	404
1588342580.138		6773	1203	274	4842	454	5072	35	400	0	404
1588342580.257		5515	1176	340	3834	165	4128	35	400	0	404
1588342580.377		10702	483	718	8954	547	9033	35	400	0	404
1588342580.496		7418	1296	101	5926	95	6145	35	400	0	404
1588342580.616		10827	390	4102	6109	226	6166	35	400	0	404
1588342580.735		7759	663	1604	5068	424	5118	35	400	0	404
1588342580.854		9184	1411	1096	6005	672	6051	35	400	0	404
1588342580.972		6100	1519	126	4306	149	4314	35	400	0	404
1588342581.092		6251	441	442	5018	350	5084	35	400	0	404
1588342581.211		5485	1263	106	3974	142	4029	35	400	0	404
1588342581.330		5787	422	2214	2806	345	2875	35	400	0	404
1588342581.447		5418	407	64	4516	431	4573	35	400	0	404
1588342581.566		5563	829	162	4199	373	4231	35	400	0	404
1588342581.686		5473	589	71	4582	231	4626	35	400	0	404
1588342581.803		7547	807	134	5793	813	5831	35	400	0	404
1588342581.923		5078	604	78	4071	325	4151	35	400	0	404
1588342582.041		5783	419	64	5152	148	5212	35	400	0	404
1588342582.158		27264	1623	511	24759	371	24946	35	400	0	404
1588342582.277		5671	1009	252	4013	397	4106	35	400	0	404
1588342582.394		5962	1143	271	4027	521	4164	35	400	0	404
1588342582.513		4569	798	246	3366	159	3421	35	400	0	404
1588342582.630		10665	1077	64	9197	327	9243	35	400	0	404
1588342582.748		4644	698	52	3586	308	3613	35	400	0	404
1588342582.867		6241	392	72	5458	319	5526	35	400	0	404
1588342582.984		6546	1298	125	4893	230	4951	35	400	0	404
1588342583.102		4948	458	223	4121	146	4196	35	400	0	404
1588342583.219		6806	1851	108	4364	483	4372	35	400	0	404
1588342583.337		5403	430	148	3734	1091	3796	35	400	0	404
1588342583.453		5268	1652	409	2430	777	2493	35	400	0	404
1588342583.571		4879	409	68	4252	150	4246	35	400	0	404
1588342583.687		3919	358	119	3025	417	3070	35	400	0	404
1588342583.806		11116	1094	149	9458	415	9554	35	400	0	404
1588342583.923		4458	511	83	3772	92	3458	35	400	0	404
1588342584.038		7689	1471	125	5933	160	6179	35	400	0	404
1588342584.156		4296	311	54	3782	149	3835	35	400	0	404
1588342584.273		5895	1154	67	4480	194	4548	35	400	0	404
1588342584.390		5672	405	64	4979	224	5031	35	400	0	404
1588342584.505		5686	798	67	4464	357	4521	35	400	0	404
1588342584.622		5930	996	121	4643	170	4706	35	400	0	404
1588342584.739		4761	491	183	3941	146	3982	35	400	0	404
1588342584.855		7114	597	244	5623	650	5614	35	400	0	404
1588342584.971		4799	848	75	3716	160	3692	35	400	0	404
1588342585.088		4912	1446	176	3204	86	3258	35	400	0	404
1588342585.204		6217	1478	355	3620	764	3257	35	400	0	404
1588342585.319		7359	1597	136	5112	514	5260	35	400	0	404
1588342585.436		5309	408	996	3814	91	3874	35	400	0	404
1588342585.551		5451	782	837	3458	374	3509	35	400	0	404
1588342585.667		6484	453	54	5789	188	5839	35	400	0	404
1588342585.784		6372	443	123	5569	237	5435	35	400	0	404
1588342585.898		5461	1759	153	3405	144	3639	35	400	0	404
1588342586.014		5764	1243	655	2969	897	3401	35	400	0	404
1588342586.130		7975	1171	310	5552	942	5565	35	400	0	404
1588342586.247		11425	5727	80	5284	334	10052	35	400	0	404
1588342586.361		6562	1344	104	4985	129	5135	35	400	0	404
1588342586.476		5651	409	72	5007	163	5025	35	400	0	404
1588342586.591		4808	835	161	3650	162	3706	35	400	0	404
1588342586.707		5735	1285	119	4169	162	4209	35	400	0	404
1588342586.821		5127	1226	68	3746	87	3860	35	400	0	404
1588342586.937		4761	810	546	3305	100	3523	35	400	0	404
1588342587.052		5029	845	167	3860	157	3924	35	400	0	404
1588342587.167		8333	1480	127	6580	146	6626	35	400	0	404
1588342587.281		5219	431	1164	2769	855	2830	35	400	0	404
1588342587.396		6498	420	79	5620	379	5619	35	400	0	404
1588342587.511		5312	344	63	4746	159	4805	35	400	0	404
1588342587.625		5012	1325	114	3399	174	3454	35	400	0	404
1588342587.739		4482	341	54	3831	256	3880	35	400	0	404
1588342587.853		4821	1340	105	3212	164	3214	35	400	0	404
1588342587.968		7109	1060	114	5328	607	5386	35	400	0	404
1588342588.083		5404	1301	391	2876	836	2745	35	400	0	404
1588342588.197		6281	1222	106	4800	153	4848	35	400	0	404
1588342588.311		4938	391	74	4322	151	4377	35	400	0	404
1588342588.425		5980	1328	524	3163	965	2971	35	400	0	404
1588342588.539		6430	1337	132	4793	168	4855	35	400	0	404
1588342588.652		6939	1907	736	4210	86	4256	35	400	0	404
1588342588.765		7083	1384	638	4916	145	4966	35	400	0	404
1588342588.880		5570	896	798	3670	206	3953	35	400	0	404
1588342588.994		5568	1439	793	3040	296	3083	35	400	0	404
1588342589.107		4816	1239	105	3328	144	3392	35	400	0	404
1588342589.221		4823	1234	100	3344	145	3392	35	400	0	404
1588342589.333		5705	1575	105	3877	148	3930	35	400	0	404
1588342589.446		6372	505	2209	3321	337	3394	35	400	0	404
1588342589.561		5649	1388	100	4012	149	4058	35	400	0	404
1588342589.673		4927	728	161	3882	156	3931	35	400	0	404
1588342589.786		7401	1750	116	5227	308	5274	35	400	0	404
1588342589.900		13254	1732	131	11102	289	11157	35	400	0	404
1588342590.012		6036	1243	201	4044	548	3992	35	400	0	404
1588342590.125		4772	552	44	4035	141	4089	35	400	0	404
1588342590.239		4963	1140	467	2804	552	2829	35	400	0	404
1588342590.351		8524	403	57	7418	646	7469	35	400	0	404
1588342590.464		5826	1293	401	3125	1007	3185	35	400	0	404
1588342590.576		4895	909	161	3594	231	3652	35	400	0	404
1588342590.688		6298	1545	244	4215	294	4386	35	400	0	404
1588342590.802		13480	4944	242	8128	166	8090	35	400	0	404
1588342590.914		6988	808	68	5909	203	5983	35	400	0	404
1588342591.026		4701	1497	1085	1840	279	1896	35	400	0	404
1588342591.139		4848	1113	334	3222	179	3317	35	400	0	404
1588342591.251		5675	345	105	4881	344	4925	35	400	0	404
1588342591.362		5058	707	54	4119	178	4181	35	400	0	404
1588342591.475		4738	407	875	3310	146	3372	35	400	0	404
1588342591.586		6520	459	68	5634	359	5593	35	400	0	404
1588342591.698		7526	2271	122	4770	363	6778	35	400	0	404
1588342591.810		5370	409	67	4598	296	4587	35	400	0	404
1588342591.923		5105	960	68	3910	167	3969	35	400	0	404
1588342592.034		7892	409	67	6801	615	6864	35	400	0	404
1588342592.146		5795	1454	112	4061	168	4110	35	400	0	404
1588342592.257		10116	947	502	7884	783	8085	35	400	0	404
1588342592.368		4826	1467	94	3142	123	3194	35	400	0	404
1588342592.481		6692	908	202	5358	224	5320	35	400	0	404
1588342592.592		4993	415	67	3607	904	2515	35	400	0	404
1588342592.702		5190	1222	117	3640	211	3949	35	400	0	404
1588342592.813		7285	365	63	6703	154	6750	35	400	0	404
1588342592.926		6399	413	65	5752	169	5814	35	400	0	404
1588342593.036		5750	450	65	4943	292	4998	35	400	0	404
1588342593.148		4696	1102	174	3332	88	3393	35	400	0	404
1588342593.258		4274	351	54	3645	224	3683	35	400	0	404
1588342593.368		6030	408	920	4282	420	4237	35	400	0	404
1588342593.479		5464	902	67	4411	84	4473	35	400	0	404
1588342593.591		4546	1049	126	3145	226	3230	35	400	0	404
1588342593.701		5177	352	222	4273	330	4320	35	400	0	404
1588342593.812		6199	1395	76	4463	265	4601	35	400	0	404
1588342593.922		6525	421	102	5827	175	5884	35	400	0	404
1588342594.032		5837	409	65	5001	362	5058	35	400	0	404
1588342594.144		4622	535	181	3742	164	3833	35	400	0	404
1588342594.253		6024	1722	116	4018	168	4067	35	400	0	404
1588342594.363		11890	4409	3015	4320	146	4392	35	400	0	404
1588342594.473		5266	420	64	4561	221	4629	35	400	0	404
1588342594.584		4692	837	66	3638	151	3659	35	400	0	404
1588342594.695		6068	1522	104	4299	143	4347	35	400	0	404
1588342594.805		10893	3437	124	7148	184	7216	35	400	0	404
1588342594.914		4627	408	147	3929	143	3692	35	400	0	404
1588342595.023		6784	494	65	5714	511	5690	35	400	0	404
1588342595.133		6257	1505	82	4460	210	4485	35	400	0	404
1588342595.244		5667	1391	139	3962	175	4017	35	400	0	404
1588342595.353		6839	740	686	5136	277	5143	35	400	0	404
1588342595.463		9358	399	1712	7050	197	7121	35	400	0	404
1588342595.573		5979	430	82	5084	383	5035	35	400	0	404
1588342595.682		6375	1923	514	3556	382	2936	35	400	0	404
1588342595.791		4892	995	103	3652	142	3712	35	400	0	404
1588342595.900		5752	1626	208	3769	149	3756	35	400	0	404
1588342596.009		6790	417	236	5828	309	5877	35	400	0	404
1588342596.119		7043	1347	697	4650	349	4700	35	400	0	404
1588342596.229		5140	1213	974	2581	372	2630	35	400	0	404
1588342596.337		10514	418	74	9786	236	9843	35	400	0	404
1588342596.447		4028	1060	108	2714	146	2755	35	400	0	404
1588342596.556		7090	470	71	6441	108	6517	35	400	0	404
1588342596.664		4703	1152	125	3339	87	3401	35	400	0	404
1588342596.773		11962	2164	323	8750	725	8718	35	400	0	404
1588342596.882		7107	469	84	5858	696	5892	35	400	0	404
1588342596.991		5167	1159	319	3170	519	3368	35	400	0	404
1588342597.099		4643	459	78	4011	95	4074	35	400	0	404
1588342597.208		4565	343	53	4006	163	4046	35	400	0	404
1588342597.316		4435	397	53	3776	209	3822	35	400	0	404
1588342597.424		7104	593	88	6277	146	6219	35	400	0	404
1588342597.533		4997	836	218	3758	185	3810	35	400	0	404
1588342597.641		5051	409	68	4473	101	4460	35	400	0	404
1588342597.749		5218	312	53	4750	103	4798	35	400	0	404
1588342597.858		8624	1544	124	6676	280	6748	35	400	0	404
1588342597.965		5715	417	66	4809	423	4639	35	400	0	404
1588342598.074		7538	945	347	5849	397	5899	35	400	0	404
1588342598.181		5983	917	69	4352	645	4414	35	400	0	404
1588342598.289		5711	427	54	4714	516	4762	35	400	0	404
1588342598.398		9043	2946	406	5601	90	5247	35	400	0	404
1588342598.506		7222	427	165	6465	165	6533	35	400	0	404
1588342598.613		5530	1190	420	3419	501	3652	35	400	0	404
1588342598.724		5807	339	53	5220	195	5265	35	400	0	404
1588342598.837		9964	368	68	9303	225	9357	35	400	0	404
1588342598.938		6489	1391	347	4226	525	4688	35	400	0	404
1588342599.043		6702	1174	448	4267	813	4548	35	400	0	404
1588342599.150		6464	1606	632	3801	425	3865	35	400	0	404
1588342599.259		4416	933	299	2860	324	2635	35	400	0	404
1588342599.368		5828	501	62	4779	486	4680	35	400	0	404
1588342599.473		5352	1517	74	3621	140	3890	35	400	0	404
1588342599.579		5777	412	1226	3211	928	3270	35	400	0	404
1588342599.686		4885	827	66	3307	685	3367	35	400	0	404
1588342599.794		5535	337	54	4993	151	5038	35	400	0	404
1588342599.900		11690	681	575	9602	832	9670	35	400	0	404
1588342600.008		6677	1207	101	5200	169	5241	35	400	0	404
1588342600.115		4707	813	580	2904	410	2974	35	400	0	404
1588342600.221		18071	1260	290	15957	564	15802	35	400	0	404
1588342600.329		7422	1218	105	5932	167	5964	35	400	0	404
1588342600.434		7465	421	145	6501	398	6561	35	400	0	404
1588342600.541		6114	1718	1354	2702	340	3760	35	400	0	404
1588342600.648		5881	1397	61	4124	299	4182	35	400	0	404
1588342600.754		6208	1338	988	3577	305	3619	35	400	0	404
1588342600.862		10435	1161	2690	6428	156	6603	35	400	0	404
1588342600.967		5633	347	104	4823	359	4867	35	400	0	404
1588342601.074		4799	1167	69	3473	90	3541	35	400	0	404
1588342601.181		4946	766	224	3778	178	3840	35	400	0	404
1588342601.286		5437	418	67	4264	688	4259	35	400	0	404
1588342601.392		5881	588	89	4901	303	4985	35	400	0	404
1588342601.498		4623	294	50	4046	233	4087	35	400	0	404
1588342601.604		6337	426	66	5195	650	5245	35	400	0	404
1588342601.710		5030	932	69	3847	182	4015	35	400	0	404
1588342601.817		5005	397	86	4428	94	4500	35	400	0	404
1588342601.923		5091	967	533	3252	339	3428	35	400	0	404
1588342602.029		7888	1579	157	5699	453	5745	35	400	0	404
1588342602.134		6024	1157	96	4072	699	4325	35	400	0	404
1588342602.240		5522	483	65	4806	168	4909	35	400	0	404
1588342602.346		5479	1123	314	3628	414	3685	35	400	0	404
1588342602.450		15774	1741	77	13816	140	14060	35	400	0	404
1588342602.556		9214	2515	256	6268	175	6340	35	400	0	404
1588342602.665		4812	697	55	3678	382	3723	35	400	0	404
1588342602.768		9931	426	2723	6531	251	6599	35	400	0	404
1588342602.872		6183	1859	109	4068	147	4080	35	400	0	404
1588342602.977		4689	324	54	3996	315	4038	35	400	0	404
1588342603.082		5836	765	710	3718	643	3632	35	400	0	404
1588342603.187		5201	829	167	3917	288	3621	35	400	0	404
1588342603.294		4853	383	140	4243	87	4304	35	400	0	404
1588342603.399		7060	400	973	5185	502	5248	35	400	0	404
1588342603.504		9122	635	126	7804	557	3938	35	400	0	404
1588342603.608		4834	1275	85	3387	87	3516	35	400	0	404
1588342603.712		5027	1240	106	3541	140	3589	35	400	0	404
1588342603.818		4746	806	170	3609	161	3664	35	400	0	404
1588342603.927		4198	352	54	3633	159	3628	35	400	0	404
1588342604.027		5342	324	57	4748	213	4792	35	400	0	404
1588342604.131		5348	969	129	3951	299	4088	35	400	0	404
1588342604.236		5495	897	122	3673	803	3731	35	400	0	404
1588342604.341		6182	902	71	5107	102	5173	35	400	0	404
1588342604.446		4215	472	222	3292	229	3336	35	400	0	404
1588342604.550		5443	687	249	4334	173	4398	35	400	0	404
1588342604.653		4954	963	415	3394	182	3613	35	400	0	404
1588342604.758		5491	1446	105	3799	141	3854	35	400	0	404
1588342604.862		5602	935	133	4366	168	4424	35	400	0	404
1588342604.967		4552	346	52	3839	315	3836	35	400	0	404
1588342605.071		7125	1128	142	5608	247	5648	35	400	0	404
1588342605.175		5842	412	65	4581	784	4403	35	400	0	404
1588342605.278		9795	1325	1737	6076	657	6315	35	400	0	404
1588342605.383		4643	338	54	3989	262	4021	35	400	0	404
1588342605.486		6094	335	51	5359	349	5402	35	400	0	404
1588342605.590		4656	357	44	3378	877	3425	35	400	0	404
1588342605.695		4321	419	973	2837	92	2902	35	400	0	404
1588342605.799		4851	411	65	4279	96	4342	35	400	0	404
1588342605.901		5865	405	65	4598	797	4647	35	400	0	404
1588342606.006		4970	342	196	4134	298	4179	35	400	0	404
1588342606.108		5014	387	854	3429	344	3483	35	400	0	404
1588342606.212		5266	836	69	3618	743	3670	35	400	0	404
1588342606.315		10691	378	64	10099	150	10156	35	400	0	404
1588342606.420		8212	295	51	7710	156	7751	35	400	0	404
1588342606.524		10096	3601	6094	108	293	159	35	400	0	404
1588342606.625		5526	438	67	4850	171	4922	35	400	0	404
1588342606.729		5397	1295	85	3927	90	4123	35	400	0	404
1588342606.833		5139	431	1311	2556	841	2620	35	400	0	404
1588342606.936		5159	973	175	3325	686	3098	35	400	0	404
1588342607.038		5074	331	74	3890	779	3930	35	400	0	404
1588342607.141		5365	425	69	4709	162	4697	35	400	0	404
1588342607.244		5281	438	926	3203	714	3262	35	400	0	404
1588342607.348		5628	436	74	4039	1079	4098	35	400	0	404
1588342607.451		7167	309	53	6660	145	6707	35	400	0	404
1588342607.553		7363	1342	138	5014	869	5102	35	400	0	404
1588342607.656		5070	406	65	4421	178	4401	35	400	0	404
1588342607.759		5239	1145	131	3872	91	3934	35	400	0	404
1588342607.860		9646	2463	191	6809	183	6875	35	400	0	404
1588342607.963		4931	335	56	3739	801	3640	35	400	0	404
1588342608.065		4711	432	66	3863	350	3926	35	400	0	404
1588342608.169		4545	814	213	3251	267	3310	35	400	0	404
1588342608.271		4973	744	166	3892	171	3951	35	400	0	404
1588342608.374		7345	2037	193	4971	144	5142	35	400	0	404
1588342608.476		5042	355	737	3465	485	3157	35	400	0	404
1588342608.578		6575	822	167	4044	1542	4098	35	400	0	404
1588342608.679		5630	542	1192	3717	179	3881	35	400	0	404
1588342608.782		5209	822	68	4192	127	4248	35	400	0	404
1588342608.885		5059	1211	1065	2507	276	2653	35	400	0	404
1588342608.986		4258	461	213	3446	138	3400	35	400	0	404
1588342609.088		5957	1217	87	4054	599	3974	35	400	0	404
1588342609.190		4994	1515	128	3142	209	3201	35	400	0	404
1588342609.292		4737	826	216	3520	175	3580	35	400	0	404
1588342609.393		4923	1362	85	3388	88	3582	35	400	0	404
1588342609.496		6509	1559	847	3713	390	3756	35	400	0	404
1588342609.597		5195	1495	256	3121	323	3140	35	400	0	404
1588342609.699		7386	2005	159	4990	232	5030	35	400	0	404
1588342609.801		15247	6765	417	7225	840	12974	35	400	0	404
1588342609.902		8975	855	450	7435	235	7717	35	400	0	404
1588342610.003		4768	990	185	3393	200	3432	35	400	0	404
1588342610.105		4959	805	218	3773	163	3826	35	400	0	404
1588342610.207		5379	916	67	4309	87	4374	35	400	0	404
1588342610.307		8376	2484	119	5591	182	5733	35	400	0	404
1588342610.410		5442	380	400	4489	173	4548	35	400	0	404
1588342610.510		4411	459	221	3177	554	3236	35	400	0	404
1588342610.612		5748	1364	147	4077	160	4116	35	400	0	404
1588342610.713		4943	407	893	3379	264	3436	35	400	0	404
1588342610.814		7760	2686	127	4788	159	4849	35	400	0	404
1588342610.914		6943	777	165	5570	431	5633	35	400	0	404
1588342611.016		4793	327	103	4102	261	4154	35	400	0	404
1588342611.116		4834	819	141	3726	148	3768	35	400	0	404
1588342611.217		5720	375	256	4879	210	4949	35	400	0	404
1588342611.319		19164	969	97	17911	187	18039	35	400	0	404
1588342611.419		5290	987	547	3010	746	3208	35	400	0	404
1588342611.520		5462	1188	260	3163	851	3205	35	400	0	404
1588342611.621		4387	986	161	2979	261	3025	35	400	0	404
1588342611.722		5377	1267	100	3865	145	3918	35	400	0	404
1588342611.822		5054	338	100	4465	151	4513	35	400	0	404
1588342611.922		5644	1208	100	4185	151	4235	35	400	0	404
1588342612.022		14787	3126	116	11440	105	11485	35	400	0	404
1588342612.125		4259	343	53	3706	157	3752	35	400	0	404
1588342612.223		4199	343	54	3647	155	3692	35	400	0	404
1588342612.325		8183	411	105	7419	248	7500	35	400	0	404
1588342612.425		4085	413	409	2997	266	3051	35	400	0	404
1588342612.524		4205	308	54	3735	108	3776	35	400	0	404
1588342612.626		7625	1542	131	5704	248	5641	35	400	0	404
1588342612.726		18145	7069	293	10305	478	10364	35	400	0	404
1588342612.828		7691	294	50	7166	181	7205	35	400	0	404
